#
# A fatal error has been detected by the Java Runtime Environment:
#
#  EXCEPTION_ACCESS_VIOLATION (0xc0000005) at pc=0x0000000065ce54b7, pid=1264, tid=8648
#
# JRE version: Java(TM) SE Runtime Environment (8.0_11-b12) (build 1.8.0_11-b12)
# Java VM: Java HotSpot(TM) 64-Bit Server VM (25.11-b03 mixed mode windows-amd64 compressed oops)
# Problematic frame:
# V  [jvm.dll+0xf54b7]
#
# Failed to write core dump. Minidumps are not enabled by default on client versions of Windows
#
# If you would like to submit a bug report, please visit:
#   http://bugreport.sun.com/bugreport/crash.jsp
#

---------------  T H R E A D  ---------------

Current thread (0x00000000145e5800):  VMThread [stack: 0x0000000015680000,0x0000000015780000] [id=8648]

siginfo: ExceptionCode=0xc0000005, reading address 0xffffffffffffffff

Registers:
RAX=0xd8e6eb5a811ce6cd, RBX=0x000000010422e428, RCX=0x0000000104236428, RDX=0x0000000066363ad0
RSP=0x000000001577ede0, RBP=0x0000000000000007, RSI=0x0000000066363ad0, RDI=0x0000000000000000
R8 =0x0000000000000036, R9 =0x000000002f238630, R10=0x00000000000001fe, R11=0x000000001577ecf0
R12=0x0000000000000038, R13=0x0000000104236428, R14=0x00000000661f9720, R15=0x0000000066363a00
RIP=0x0000000065ce54b7, EFLAGS=0x0000000000010287

Top of Stack: (sp=0x000000001577ede0)
0x000000001577ede0:   000000001fb82dd0 0000000000000027
0x000000001577edf0:   0000000066363ad0 000000002390bde0
0x000000001577ee00:   00000000661b0bc0 0000000104236428
0x000000001577ee10:   000000001577ee98 0000000065d03ab2
0x000000001577ee20:   000000010422e428 0000000066363ad0
0x000000001577ee30:   0000000000000000 0000000065c4b6ed
0x000000001577ee40:   00000000661b0bc0 00000000000001fe
0x000000001577ee50:   ffffffffffffff00 0000000000000004
0x000000001577ee60:   0000000000000199 0000000000000ff0
0x000000001577ee70:   0000000000000002 000000002f238630
0x000000001577ee80:   000000002f239640 0000000001d41930
0x000000001577ee90:   0000000000000000 0000000000000000
0x000000001577eea0:   000000001577efb0 0000000065fbe23a
0x000000001577eeb0:   00000000144f5420 0000000000000004
0x000000001577eec0:   0000000066363a70 0000000000000004
0x000000001577eed0:   0000000066363a00 0000000000000633 

Instructions: (pc=0x0000000065ce54b7)
0x0000000065ce5497:   e9 39 28 0f 8e b1 00 00 00 48 89 5c 24 40 48 89
0x0000000065ce54a7:   7c 24 48 4c 89 64 24 50 45 33 e4 49 8b 44 04 08
0x0000000065ce54b7:   48 8b 78 10 48 85 ff 74 6d 33 d2 48 8b cf e8 e6
0x0000000065ce54c7:   77 02 00 48 8b d8 48 85 c0 74 20 4c 8b 03 48 8b 


Register to memory mapping:

RAX=0xd8e6eb5a811ce6cd is an unknown value
RBX=0x000000010422e428 is an unknown value
RCX=0x0000000104236428 is an unknown value
RDX=0x0000000066363ad0 is an unknown value
RSP=0x000000001577ede0 is an unknown value
RBP=0x0000000000000007 is an unknown value
RSI=0x0000000066363ad0 is an unknown value
RDI=0x0000000000000000 is an unknown value
R8 =0x0000000000000036 is an unknown value
R9 =0x000000002f238630 is an unknown value
R10=0x00000000000001fe is an unknown value
R11=0x000000001577ecf0 is an unknown value
R12=0x0000000000000038 is an unknown value
R13=0x0000000104236428 is an unknown value
R14=0x00000000661f9720 is an unknown value
R15=0x0000000066363a00 is an unknown value


Stack: [0x0000000015680000,0x0000000015780000],  sp=0x000000001577ede0,  free space=1019k
Native frames: (J=compiled Java code, j=interpreted, Vv=VM code, C=native code)
V  [jvm.dll+0xf54b7]
V  [jvm.dll+0x113ab2]
V  [jvm.dll+0x3ce23a]
V  [jvm.dll+0x3cf710]
V  [jvm.dll+0x3d371f]
V  [jvm.dll+0x3c3114]
V  [jvm.dll+0x3d59e6]
V  [jvm.dll+0x229cf7]
V  [jvm.dll+0x228f26]
V  [jvm.dll+0x2293c1]
V  [jvm.dll+0x2295de]
V  [jvm.dll+0x27bcca]
C  [msvcr100.dll+0x21d9f]
C  [msvcr100.dll+0x21e3b]
C  [KERNEL32.DLL+0x16ad]
C  [ntdll.dll+0x6eb64]

VM_Operation (0x0000000018a2aef0): ParallelGCFailedAllocation, mode: safepoint, requested by thread 0x0000000028269000


---------------  P R O C E S S  ---------------

Java Threads: ( => current thread )
  0x0000000028266000 JavaThread "Stdin handler" [_thread_blocked, id=1648, stack(0x0000000018a30000,0x0000000018b30000)]
  0x0000000028269000 JavaThread "Daemon worker Thread 67" [_thread_blocked, id=3188, stack(0x0000000018930000,0x0000000018a30000)]
  0x000000002825d000 JavaThread "Cancel handler" [_thread_blocked, id=1236, stack(0x0000000018830000,0x0000000018930000)]
  0x0000000028260000 JavaThread "Handler for socket connection from /127.0.0.1:18648 to /127.0.0.1:24991" [_thread_in_native, id=196, stack(0x0000000018730000,0x0000000018830000)]
  0x000000002825f000 JavaThread "Daemon Thread 67" [_thread_blocked, id=5876, stack(0x0000000018630000,0x0000000018730000)]
  0x0000000016663800 JavaThread "File lock request listener" [_thread_in_native, id=7156, stack(0x0000000018f30000,0x0000000019030000)]
  0x0000000016ba5000 JavaThread "Incoming local TCP Connector on port 18648" [_thread_in_native, id=7072, stack(0x0000000018330000,0x0000000018430000)]
  0x0000000015ead000 JavaThread "Service Thread" daemon [_thread_blocked, id=1904, stack(0x0000000016280000,0x0000000016380000)]
  0x0000000014622000 JavaThread "C1 CompilerThread2" daemon [_thread_blocked, id=6924, stack(0x0000000015d80000,0x0000000015e80000)]
  0x000000001461b000 JavaThread "C2 CompilerThread1" daemon [_thread_blocked, id=4828, stack(0x0000000015c80000,0x0000000015d80000)]
  0x000000001462b000 JavaThread "C2 CompilerThread0" daemon [_thread_blocked, id=9196, stack(0x0000000015b80000,0x0000000015c80000)]
  0x0000000014629000 JavaThread "Attach Listener" daemon [_thread_blocked, id=4744, stack(0x0000000015a80000,0x0000000015b80000)]
  0x0000000014627800 JavaThread "Signal Dispatcher" daemon [_thread_blocked, id=4332, stack(0x0000000015980000,0x0000000015a80000)]
  0x0000000001f47000 JavaThread "Finalizer" daemon [_thread_blocked, id=5900, stack(0x0000000015880000,0x0000000015980000)]
  0x0000000001f3c000 JavaThread "Reference Handler" daemon [_thread_blocked, id=2108, stack(0x0000000015780000,0x0000000015880000)]
  0x0000000001d4e800 JavaThread "main" [_thread_blocked, id=6480, stack(0x0000000001d50000,0x0000000001e50000)]

Other Threads:
=>0x00000000145e5800 VMThread [stack: 0x0000000015680000,0x0000000015780000] [id=8648]
  0x0000000015eb4800 WatcherThread [stack: 0x0000000016380000,0x0000000016480000] [id=6376]

VM state:at safepoint (normal execution)

VM Mutex/Monitor currently owned by a thread:  ([mutex/lock_event])
[0x0000000001d4daa0] Threads_lock - owner thread: 0x00000000145e5800
[0x0000000001d4d520] Heap_lock - owner thread: 0x0000000028269000

Heap:
 PSYoungGen      total 263680K, used 212520K [0x00000000eab00000, 0x00000000ff600000, 0x0000000100000000)
  eden space 195584K, 100% used [0x00000000eab00000,0x00000000f6a00000,0x00000000f6a00000)
  from space 68096K, 24% used [0x00000000fb380000,0x00000000fc40a0e0,0x00000000ff600000)
  to   space 71680K, 0% used [0x00000000f6a00000,0x00000000f6a00000,0x00000000fb000000)
 ParOldGen       total 477696K, used 477496K [0x00000000c0000000, 0x00000000dd280000, 0x00000000eab00000)
  object space 477696K, 99% used [0x00000000c0000000,0x00000000dd24e218,0x00000000dd280000)
 Metaspace       used 492300K, capacity 508200K, committed 510592K, reserved 1486848K
  class space    used 66618K, capacity 72109K, committed 72576K, reserved 1048576K

Card table byte_map: [0x0000000011310000,0x0000000011520000] byte_map_base: 0x0000000010d10000

Marking Bits: (ParMarkBitMap*) 0x00000000663a12b0
 Begin Bits: [0x0000000011a80000, 0x0000000012a80000)
 End Bits:   [0x0000000012a80000, 0x0000000013a80000)

Polling page: 0x0000000000420000

CodeCache: size=245760Kb used=69875Kb max_used=69879Kb free=175884Kb
 bounds [0x0000000001f50000, 0x0000000006400000, 0x0000000010f50000]
 total_blobs=19351 nmethods=18617 adapters=644
 compilation: enabled

Compilation events (10 events):
Event: 34474.460 Thread 0x0000000014622000 25391   !   3       sun.reflect.GeneratedConstructorAccessor71::newInstance (85 bytes)
Event: 34474.462 Thread 0x0000000014622000 nmethod 25391 0x00000000063ece50 code [0x00000000063ed080, 0x00000000063edca8]
Event: 34474.895 Thread 0x000000001461b000 25392   !   4       sun.reflect.GeneratedConstructorAccessor400::newInstance (53 bytes)
Event: 34474.898 Thread 0x000000001461b000 nmethod 25392 0x00000000063ec950 code [0x00000000063ecac0, 0x00000000063ecc68]
Event: 34474.992 Thread 0x0000000014622000 25393       3       com.android.build.gradle.internal.tasks.BaseTask::getMetaClass (23 bytes)
Event: 34474.993 Thread 0x0000000014622000 nmethod 25393 0x00000000063d32d0 code [0x00000000063d3440, 0x00000000063d36c8]
Event: 34475.070 Thread 0x0000000014622000 25394       3       com.android.build.gradle.internal.api.DefaultAndroidSourceSet_Decorated::getConventionMapping (30 bytes)
Event: 34475.071 Thread 0x0000000014622000 nmethod 25394 0x00000000063f0cd0 code [0x00000000063f0ee0, 0x00000000063f1998]
Event: 34475.116 Thread 0x0000000014622000 25395       1       com.android.build.gradle.internal.variant.BaseVariantData::getVariantConfiguration (5 bytes)
Event: 34475.116 Thread 0x0000000014622000 nmethod 25395 0x00000000063d5cd0 code [0x00000000063d5e20, 0x00000000063d5f30]

GC Heap History (10 events):
Event: 32096.975 GC heap after
Heap after GC invocations=280 (full 67):
 PSYoungGen      total 269312K, used 20592K [0x00000000eab00000, 0x0000000100000000, 0x0000000100000000)
  eden space 189440K, 0% used [0x00000000eab00000,0x00000000eab00000,0x00000000f6400000)
  from space 79872K, 25% used [0x00000000f6400000,0x00000000f781c048,0x00000000fb200000)
  to   space 79872K, 0% used [0x00000000fb200000,0x00000000fb200000,0x0000000100000000)
 ParOldGen       total 477696K, used 471099K [0x00000000c0000000, 0x00000000dd280000, 0x00000000eab00000)
  object space 477696K, 98% used [0x00000000c0000000,0x00000000dcc0ec18,0x00000000dd280000)
 Metaspace       used 478211K, capacity 492800K, committed 496384K, reserved 1474560K
  class space    used 64533K, capacity 69564K, committed 70400K, reserved 1048576K
}
Event: 32179.707 GC heap before
{Heap before GC invocations=281 (full 67):
 PSYoungGen      total 269312K, used 210032K [0x00000000eab00000, 0x0000000100000000, 0x0000000100000000)
  eden space 189440K, 100% used [0x00000000eab00000,0x00000000f6400000,0x00000000f6400000)
  from space 79872K, 25% used [0x00000000f6400000,0x00000000f781c048,0x00000000fb200000)
  to   space 79872K, 0% used [0x00000000fb200000,0x00000000fb200000,0x0000000100000000)
 ParOldGen       total 477696K, used 471099K [0x00000000c0000000, 0x00000000dd280000, 0x00000000eab00000)
  object space 477696K, 98% used [0x00000000c0000000,0x00000000dcc0ec18,0x00000000dd280000)
 Metaspace       used 482743K, capacity 497909K, committed 500992K, reserved 1478656K
  class space    used 65192K, capacity 70442K, committed 71168K, reserved 1048576K
Event: 32179.768 GC heap after
Heap after GC invocations=281 (full 67):
 PSYoungGen      total 264192K, used 28970K [0x00000000eab00000, 0x00000000ffb00000, 0x0000000100000000)
  eden space 189440K, 0% used [0x00000000eab00000,0x00000000eab00000,0x00000000f6400000)
  from space 74752K, 38% used [0x00000000fb200000,0x00000000fce4a8e8,0x00000000ffb00000)
  to   space 77312K, 0% used [0x00000000f6400000,0x00000000f6400000,0x00000000faf80000)
 ParOldGen       total 477696K, used 471099K [0x00000000c0000000, 0x00000000dd280000, 0x00000000eab00000)
  object space 477696K, 98% used [0x00000000c0000000,0x00000000dcc0ec18,0x00000000dd280000)
 Metaspace       used 482743K, capacity 497909K, committed 500992K, reserved 1478656K
  class space    used 65192K, capacity 70442K, committed 71168K, reserved 1048576K
}
Event: 32184.321 GC heap before
{Heap before GC invocations=282 (full 67):
 PSYoungGen      total 264192K, used 218410K [0x00000000eab00000, 0x00000000ffb00000, 0x0000000100000000)
  eden space 189440K, 100% used [0x00000000eab00000,0x00000000f6400000,0x00000000f6400000)
  from space 74752K, 38% used [0x00000000fb200000,0x00000000fce4a8e8,0x00000000ffb00000)
  to   space 77312K, 0% used [0x00000000f6400000,0x00000000f6400000,0x00000000faf80000)
 ParOldGen       total 477696K, used 471099K [0x00000000c0000000, 0x00000000dd280000, 0x00000000eab00000)
  object space 477696K, 98% used [0x00000000c0000000,0x00000000dcc0ec18,0x00000000dd280000)
 Metaspace       used 487474K, capacity 503022K, committed 505600K, reserved 1482752K
  class space    used 65996K, capacity 71372K, committed 71936K, reserved 1048576K
Event: 32184.364 GC heap after
Heap after GC invocations=282 (full 67):
 PSYoungGen      total 266752K, used 43226K [0x00000000eab00000, 0x00000000ffd00000, 0x0000000100000000)
  eden space 189440K, 0% used [0x00000000eab00000,0x00000000eab00000,0x00000000f6400000)
  from space 77312K, 55% used [0x00000000f6400000,0x00000000f8e36bb0,0x00000000faf80000)
  to   space 75264K, 0% used [0x00000000fb380000,0x00000000fb380000,0x00000000ffd00000)
 ParOldGen       total 477696K, used 471107K [0x00000000c0000000, 0x00000000dd280000, 0x00000000eab00000)
  object space 477696K, 98% used [0x00000000c0000000,0x00000000dcc10c18,0x00000000dd280000)
 Metaspace       used 487474K, capacity 503022K, committed 505600K, reserved 1482752K
  class space    used 65996K, capacity 71372K, committed 71936K, reserved 1048576K
}
Event: 32184.382 GC heap before
{Heap before GC invocations=283 (full 67):
 PSYoungGen      total 266752K, used 45599K [0x00000000eab00000, 0x00000000ffd00000, 0x0000000100000000)
  eden space 189440K, 1% used [0x00000000eab00000,0x00000000ead51448,0x00000000f6400000)
  from space 77312K, 55% used [0x00000000f6400000,0x00000000f8e36bb0,0x00000000faf80000)
  to   space 75264K, 0% used [0x00000000fb380000,0x00000000fb380000,0x00000000ffd00000)
 ParOldGen       total 477696K, used 471107K [0x00000000c0000000, 0x00000000dd280000, 0x00000000eab00000)
  object space 477696K, 98% used [0x00000000c0000000,0x00000000dcc10c18,0x00000000dd280000)
 Metaspace       used 487474K, capacity 503022K, committed 505600K, reserved 1482752K
  class space    used 65996K, capacity 71372K, committed 71936K, reserved 1048576K
Event: 32184.420 GC heap after
Heap after GC invocations=283 (full 67):
 PSYoungGen      total 263680K, used 38117K [0x00000000eab00000, 0x00000000ff600000, 0x0000000100000000)
  eden space 195584K, 0% used [0x00000000eab00000,0x00000000eab00000,0x00000000f6a00000)
  from space 68096K, 55% used [0x00000000fb380000,0x00000000fd8b9590,0x00000000ff600000)
  to   space 71680K, 0% used [0x00000000f6a00000,0x00000000f6a00000,0x00000000fb000000)
 ParOldGen       total 477696K, used 471107K [0x00000000c0000000, 0x00000000dd280000, 0x00000000eab00000)
  object space 477696K, 98% used [0x00000000c0000000,0x00000000dcc10c18,0x00000000dd280000)
 Metaspace       used 487474K, capacity 503022K, committed 505600K, reserved 1482752K
  class space    used 65996K, capacity 71372K, committed 71936K, reserved 1048576K
}
Event: 32184.420 GC heap before
{Heap before GC invocations=284 (full 68):
 PSYoungGen      total 263680K, used 38117K [0x00000000eab00000, 0x00000000ff600000, 0x0000000100000000)
  eden space 195584K, 0% used [0x00000000eab00000,0x00000000eab00000,0x00000000f6a00000)
  from space 68096K, 55% used [0x00000000fb380000,0x00000000fd8b9590,0x00000000ff600000)
  to   space 71680K, 0% used [0x00000000f6a00000,0x00000000f6a00000,0x00000000fb000000)
 ParOldGen       total 477696K, used 471107K [0x00000000c0000000, 0x00000000dd280000, 0x00000000eab00000)
  object space 477696K, 98% used [0x00000000c0000000,0x00000000dcc10c18,0x00000000dd280000)
 Metaspace       used 487474K, capacity 503022K, committed 505600K, reserved 1482752K
  class space    used 65996K, capacity 71372K, committed 71936K, reserved 1048576K
Event: 32186.580 GC heap after
Heap after GC invocations=284 (full 68):
 PSYoungGen      total 263680K, used 16936K [0x00000000eab00000, 0x00000000ff600000, 0x0000000100000000)
  eden space 195584K, 0% used [0x00000000eab00000,0x00000000eab00000,0x00000000f6a00000)
  from space 68096K, 24% used [0x00000000fb380000,0x00000000fc40a0e0,0x00000000ff600000)
  to   space 71680K, 0% used [0x00000000f6a00000,0x00000000f6a00000,0x00000000fb000000)
 ParOldGen       total 477696K, used 477496K [0x00000000c0000000, 0x00000000dd280000, 0x00000000eab00000)
  object space 477696K, 99% used [0x00000000c0000000,0x00000000dd24e218,0x00000000dd280000)
 Metaspace       used 487008K, capacity 502026K, committed 505600K, reserved 1482752K
  class space    used 65809K, capacity 71005K, committed 71936K, reserved 1048576K
}
Event: 34475.188 GC heap before
{Heap before GC invocations=285 (full 69):
 PSYoungGen      total 263680K, used 212520K [0x00000000eab00000, 0x00000000ff600000, 0x0000000100000000)
  eden space 195584K, 100% used [0x00000000eab00000,0x00000000f6a00000,0x00000000f6a00000)
  from space 68096K, 24% used [0x00000000fb380000,0x00000000fc40a0e0,0x00000000ff600000)
  to   space 71680K, 0% used [0x00000000f6a00000,0x00000000f6a00000,0x00000000fb000000)
 ParOldGen       total 477696K, used 477496K [0x00000000c0000000, 0x00000000dd280000, 0x00000000eab00000)
  object space 477696K, 99% used [0x00000000c0000000,0x00000000dd24e218,0x00000000dd280000)
 Metaspace       used 492300K, capacity 508200K, committed 510592K, reserved 1486848K
  class space    used 66618K, capacity 72109K, committed 72576K, reserved 1048576K

Deoptimization events (10 events):
Event: 28587.626 Thread 0x0000000028779800 Uncommon trap: reason=class_check action=maybe_recompile pc=0x000000000536e774 method=com.sun.org.apache.xerces.internal.parsers.AbstractDOMParser.<init>(Lcom/sun/org/apache/xerces/internal/xni/parser/XMLParserConfiguration;)V @ 167
Event: 28587.627 Thread 0x0000000028779800 Uncommon trap: reason=class_check action=maybe_recompile pc=0x000000000536e774 method=com.sun.org.apache.xerces.internal.parsers.AbstractDOMParser.<init>(Lcom/sun/org/apache/xerces/internal/xni/parser/XMLParserConfiguration;)V @ 167
Event: 28588.045 Thread 0x0000000028779800 Uncommon trap: reason=class_check action=maybe_recompile pc=0x000000000536e774 method=com.sun.org.apache.xerces.internal.parsers.AbstractDOMParser.<init>(Lcom/sun/org/apache/xerces/internal/xni/parser/XMLParserConfiguration;)V @ 167
Event: 28588.049 Thread 0x0000000028779800 Uncommon trap: reason=class_check action=maybe_recompile pc=0x000000000536e774 method=com.sun.org.apache.xerces.internal.parsers.AbstractDOMParser.<init>(Lcom/sun/org/apache/xerces/internal/xni/parser/XMLParserConfiguration;)V @ 167
Event: 29303.176 Thread 0x000000002825d000 Uncommon trap: reason=array_check action=maybe_recompile pc=0x00000000060f6f18 method=java.util.ComparableTimSort.mergeHi(IIII)V @ 521
Event: 29303.414 Thread 0x000000002825d000 Uncommon trap: reason=array_check action=maybe_recompile pc=0x00000000060f6f18 method=java.util.ComparableTimSort.mergeHi(IIII)V @ 521
Event: 31659.265 Thread 0x000000002825d000 Uncommon trap: reason=unreached action=reinterpret pc=0x0000000005dc1d9c method=org.codehaus.groovy.runtime.MetaClassHelper.calculateParameterDistance(Ljava/lang/Class;Lorg/codehaus/groovy/reflection/CachedClass;)J @ 140
Event: 31659.265 Thread 0x000000002825d000 Uncommon trap: reason=unreached action=reinterpret pc=0x000000000290eb78 method=org.codehaus.groovy.runtime.MetaClassHelper.calculateParameterDistance(Ljava/lang/Class;Lorg/codehaus/groovy/reflection/CachedClass;)J @ 140
Event: 31979.513 Thread 0x000000002825d000 Uncommon trap: reason=null_check action=make_not_entrant pc=0x00000000062da13c method=org.gradle.api.internal.artifacts.ivyservice.ivyresolve.parser.GradlePomModuleDescriptorParser.isDependencyImportScoped(Lorg/gradle/api/internal/artifacts/ivyservice/ivyr_ÌæXß@
Event: 32096.467 Thread 0x0000000028269000 Uncommon trap: reason=predicate action=maybe_recompile pc=0x0000000006353628 method=org.gradle.api.internal.artifacts.repositories.resolver.DefaultExternalResourceArtifactResolver.downloadStaticResource(Ljava/util/List;Lorg/gradle/internal/component/extern˜õ;	èêÛ@

Internal exceptions (10 events):
Event: 34475.179 Thread 0x0000000028269000 Exception <a 'java/security/PrivilegedActionException'> (0x00000000f68c8d00) thrown at [C:\re\workspace\8-2-build-windows-amd64-cygwin\jdk8u11\648\hotspot\src\share\vm\prims\jvm.cpp, line 1248]
Event: 34475.179 Thread 0x0000000028269000 Exception <a 'java/security/PrivilegedActionException'> (0x00000000f68ca3e8) thrown at [C:\re\workspace\8-2-build-windows-amd64-cygwin\jdk8u11\648\hotspot\src\share\vm\prims\jvm.cpp, line 1248]
Event: 34475.179 Thread 0x0000000028269000 Exception <a 'java/security/PrivilegedActionException'> (0x00000000f68d3280) thrown at [C:\re\workspace\8-2-build-windows-amd64-cygwin\jdk8u11\648\hotspot\src\share\vm\prims\jvm.cpp, line 1248]
Event: 34475.179 Thread 0x0000000028269000 Exception <a 'java/lang/ClassNotFoundException': com/android/build/gradle/internal/tasks/DeviceProviderInstrumentTestTask_DecoratedCustomizer> (0x00000000f68d3b58) thrown at [C:\re\workspace\8-2-build-windows-amd64-cygwin\jdk8u11\648\hotspot\src\share\vm\c
Event: 34475.186 Thread 0x0000000028269000 Exception <a 'java/security/PrivilegedActionException'> (0x00000000f69d72c8) thrown at [C:\re\workspace\8-2-build-windows-amd64-cygwin\jdk8u11\648\hotspot\src\share\vm\prims\jvm.cpp, line 1248]
Event: 34475.186 Thread 0x0000000028269000 Exception <a 'java/security/PrivilegedActionException'> (0x00000000f69d8850) thrown at [C:\re\workspace\8-2-build-windows-amd64-cygwin\jdk8u11\648\hotspot\src\share\vm\prims\jvm.cpp, line 1248]
Event: 34475.186 Thread 0x0000000028269000 Exception <a 'java/security/PrivilegedActionException'> (0x00000000f69e3478) thrown at [C:\re\workspace\8-2-build-windows-amd64-cygwin\jdk8u11\648\hotspot\src\share\vm\prims\jvm.cpp, line 1248]
Event: 34475.187 Thread 0x0000000028269000 Exception <a 'java/security/PrivilegedActionException'> (0x00000000f69ebc78) thrown at [C:\re\workspace\8-2-build-windows-amd64-cygwin\jdk8u11\648\hotspot\src\share\vm\prims\jvm.cpp, line 1248]
Event: 34475.187 Thread 0x0000000028269000 Exception <a 'java/security/PrivilegedActionException'> (0x00000000f69ed200) thrown at [C:\re\workspace\8-2-build-windows-amd64-cygwin\jdk8u11\648\hotspot\src\share\vm\prims\jvm.cpp, line 1248]
Event: 34475.187 Thread 0x0000000028269000 Exception <a 'java/security/PrivilegedActionException'> (0x00000000f69f7e28) thrown at [C:\re\workspace\8-2-build-windows-amd64-cygwin\jdk8u11\648\hotspot\src\share\vm\prims\jvm.cpp, line 1248]

Events (10 events):
Event: 34475.178 loading class com/android/build/gradle/internal/tasks/DeviceProviderInstrumentTestTaskCustomizer done
Event: 34475.179 loading class com/android/build/gradle/internal/tasks/DeviceProviderInstrumentTestTask_DecoratedCustomizer
Event: 34475.179 loading class com/android/build/gradle/internal/tasks/DeviceProviderInstrumentTestTask_DecoratedCustomizer done
Event: 34475.179 loading class com/android/build/gradle/internal/tasks/DeviceProviderInstrumentTestTask_DecoratedCustomizer
Event: 34475.179 loading class com/android/build/gradle/internal/tasks/DeviceProviderInstrumentTestTask_DecoratedCustomizer done
Event: 34475.186 loading class groovy/runtime/metaclass/com/android/build/gradle/BasePlugin$_createDeviceProviderInstrumentTestTask_closure115MetaClass
Event: 34475.186 loading class groovy/runtime/metaclass/com/android/build/gradle/BasePlugin$_createDeviceProviderInstrumentTestTask_closure115MetaClass done
Event: 34475.187 loading class groovy/runtime/metaclass/com/android/build/gradle/BasePlugin$_createDeviceProviderInstrumentTestTask_closure116MetaClass
Event: 34475.187 loading class groovy/runtime/metaclass/com/android/build/gradle/BasePlugin$_createDeviceProviderInstrumentTestTask_closure116MetaClass done
Event: 34475.188 Executing VM operation: ParallelGCFailedAllocation


Dynamic libraries:
0x00007ff601380000 - 0x00007ff6013b4000 	C:\Program Files\Java\jdk1.8.0_11\bin\java.exe
0x00007ff958a10000 - 0x00007ff958bbc000 	C:\WINDOWS\SYSTEM32\ntdll.dll
0x00007ff958430000 - 0x00007ff95856a000 	C:\WINDOWS\system32\KERNEL32.DLL
0x00007ff956180000 - 0x00007ff95628f000 	C:\WINDOWS\system32\KERNELBASE.dll
0x00007ff954990000 - 0x00007ff954a18000 	C:\WINDOWS\system32\apphelp.dll
0x00007ff94ec60000 - 0x00007ff94ecaf000 	C:\WINDOWS\AppPatch\AppPatch64\AcGenral.DLL
0x00007ff9588c0000 - 0x00007ff958967000 	C:\WINDOWS\system32\msvcrt.dll
0x00007ff955b50000 - 0x00007ff955b7b000 	C:\WINDOWS\SYSTEM32\SspiCli.dll
0x00007ff9583d0000 - 0x00007ff958421000 	C:\WINDOWS\system32\SHLWAPI.dll
0x00007ff956650000 - 0x00007ff9567c1000 	C:\WINDOWS\system32\USER32.dll
0x00007ff9569d0000 - 0x00007ff956b48000 	C:\WINDOWS\system32\ole32.dll
0x00007ff956db0000 - 0x00007ff9581bf000 	C:\WINDOWS\system32\SHELL32.dll
0x00007ff955370000 - 0x00007ff95538e000 	C:\WINDOWS\SYSTEM32\USERENV.dll
0x00007ff9565a0000 - 0x00007ff956645000 	C:\WINDOWS\system32\ADVAPI32.dll
0x00007ff94c7e0000 - 0x00007ff94c7fb000 	C:\WINDOWS\SYSTEM32\MPR.dll
0x00007ff958570000 - 0x00007ff9586a7000 	C:\WINDOWS\system32\RPCRT4.dll
0x00007ff958370000 - 0x00007ff9583c7000 	C:\WINDOWS\SYSTEM32\sechost.dll
0x00007ff956b50000 - 0x00007ff956d26000 	C:\WINDOWS\SYSTEM32\combase.dll
0x00007ff956830000 - 0x00007ff956974000 	C:\WINDOWS\system32\GDI32.dll
0x00007ff955d80000 - 0x00007ff955d94000 	C:\WINDOWS\SYSTEM32\profapi.dll
0x00007ff9543e0000 - 0x00007ff95447f000 	C:\WINDOWS\SYSTEM32\SHCORE.dll
0x00007ff956980000 - 0x00007ff9569b4000 	C:\WINDOWS\system32\IMM32.DLL
0x00007ff9586b0000 - 0x00007ff9587e9000 	C:\WINDOWS\system32\MSCTF.dll
0x00007ff953da0000 - 0x00007ff953ffa000 	C:\WINDOWS\WinSxS\amd64_microsoft.windows.common-controls_6595b64144ccf1df_6.0.9600.17031_none_6242a4b3ecbb55a1\COMCTL32.dll
0x0000000065880000 - 0x0000000065952000 	C:\Program Files\Java\jdk1.8.0_11\jre\bin\msvcr100.dll
0x0000000065bf0000 - 0x000000006641a000 	C:\Program Files\Java\jdk1.8.0_11\jre\bin\server\jvm.dll
0x00007ff94ca90000 - 0x00007ff94ca99000 	C:\WINDOWS\SYSTEM32\WSOCK32.dll
0x00007ff952900000 - 0x00007ff95291f000 	C:\WINDOWS\SYSTEM32\WINMM.dll
0x00007ff9569c0000 - 0x00007ff9569c7000 	C:\WINDOWS\system32\PSAPI.DLL
0x00007ff9567d0000 - 0x00007ff956828000 	C:\WINDOWS\system32\WS2_32.dll
0x00007ff94f770000 - 0x00007ff94f79a000 	C:\WINDOWS\SYSTEM32\WINMMBASE.dll
0x00007ff9581c0000 - 0x00007ff9581c9000 	C:\WINDOWS\system32\NSI.dll
0x00007ff955e50000 - 0x00007ff955e9a000 	C:\WINDOWS\SYSTEM32\cfgmgr32.dll
0x00007ff954bf0000 - 0x00007ff954c16000 	C:\WINDOWS\SYSTEM32\DEVOBJ.dll
0x00000000673b0000 - 0x00000000673bf000 	C:\Program Files\Java\jdk1.8.0_11\jre\bin\verify.dll
0x0000000067380000 - 0x00000000673a8000 	C:\Program Files\Java\jdk1.8.0_11\jre\bin\java.dll
0x0000000067360000 - 0x0000000067376000 	C:\Program Files\Java\jdk1.8.0_11\jre\bin\zip.dll
0x00007ff955620000 - 0x00007ff95563e000 	C:\WINDOWS\SYSTEM32\CRYPTSP.dll
0x00007ff955260000 - 0x00007ff955295000 	C:\WINDOWS\system32\rsaenh.dll
0x00007ff955860000 - 0x00007ff955886000 	C:\WINDOWS\SYSTEM32\bcrypt.dll
0x00007ff955b90000 - 0x00007ff955bf0000 	C:\WINDOWS\system32\bcryptprimitives.dll
0x00007ff955bf0000 - 0x00007ff955bfa000 	C:\WINDOWS\SYSTEM32\CRYPTBASE.dll
0x00000000672f0000 - 0x000000006730a000 	C:\Program Files\Java\jdk1.8.0_11\jre\bin\net.dll
0x00007ff9555c0000 - 0x00007ff955618000 	C:\WINDOWS\system32\mswsock.dll
0x00007ff950ec0000 - 0x00007ff950ee9000 	C:\WINDOWS\SYSTEM32\IPHLPAPI.DLL
0x00007ff950eb0000 - 0x00007ff950eba000 	C:\WINDOWS\SYSTEM32\WINNSI.DLL
0x00007ff950d60000 - 0x00007ff950d74000 	C:\WINDOWS\SYSTEM32\dhcpcsvc6.DLL
0x00007ff950e40000 - 0x00007ff950e59000 	C:\WINDOWS\SYSTEM32\dhcpcsvc.DLL
0x00000000672d0000 - 0x00000000672e1000 	C:\Program Files\Java\jdk1.8.0_11\jre\bin\nio.dll
0x00007ff94ece0000 - 0x00007ff94ecf2000 	C:\Users\Maclyn\AppData\Local\Temp\native-platform7150189121044817219dir\native-platform.dll
0x0000000065990000 - 0x00000000659b4000 	C:\Program Files\Java\jdk1.8.0_11\jre\bin\sunec.dll
0x00007ff9553d0000 - 0x00007ff955473000 	C:\WINDOWS\SYSTEM32\DNSAPI.dll
0x00007ff94ce50000 - 0x00007ff94ce59000 	C:\Windows\System32\rasadhlp.dll
0x00007ff950a60000 - 0x00007ff950ac8000 	C:\WINDOWS\System32\fwpuclnt.dll
0x00007ff94cff0000 - 0x00007ff94d004000 	C:\WINDOWS\system32\napinsp.dll
0x00007ff94cfa0000 - 0x00007ff94cfb9000 	C:\WINDOWS\system32\pnrpnsp.dll
0x00007ff953020000 - 0x00007ff95303b000 	C:\WINDOWS\system32\NLAapi.dll
0x00007ff94cec0000 - 0x00007ff94cecc000 	C:\WINDOWS\System32\winrnr.dll
0x00007ff94cea0000 - 0x00007ff94ceb3000 	C:\WINDOWS\system32\wshbth.dll
0x00007ff947c50000 - 0x00007ff947dd8000 	C:\WINDOWS\SYSTEM32\dbghelp.dll

VM Arguments:
jvm_args: -XX:MaxPermSize=256m -XX:+HeapDumpOnOutOfMemoryError -Xmx1024m -Dfile.encoding=windows-1252 -Duser.country=US -Duser.language=en -Duser.variant 
java_command: org.gradle.launcher.daemon.bootstrap.GradleDaemon 2.2.1 C:\Users\Maclyn\.gradle\daemon 10800000 38ac0d87-07b8-4495-85f8-50f4c94e5452 -XX:MaxPermSize=256m -XX:+HeapDumpOnOutOfMemoryError -Xmx1024m -Dfile.encoding=windows-1252 -Duser.country=US -Duser.language=en -Duser.variant
java_class_path (initial): C:\Users\Maclyn\.gradle\wrapper\dists\gradle-2.2.1-all\c64ydeuardnfqctvr1gm30w53\gradle-2.2.1\lib\gradle-launcher-2.2.1.jar
Launcher Type: SUN_STANDARD

Environment Variables:
JAVA_HOME=C:\Program Files\Java\jdk1.8.0_11
PATH=C:\Program Files (x86)\NVIDIA Corporation\PhysX\Common;C:\Python34\;C:\Python34\Scripts;C:\Program Files\ImageMagick-6.8.9-Q16;C:\Program Files (x86)\Intel\iCLS Client\;C:\Program Files\Intel\iCLS Client\;C:\WINDOWS\system32;C:\WINDOWS;C:\WINDOWS\System32\Wbem;C:\WINDOWS\System32\WindowsPowerShell\v1.0\;C:\Program Files\Intel\Intel(R) Management Engine Components\DAL;C:\Program Files\Intel\Intel(R) Management Engine Components\IPT;C:\Program Files (x86)\Intel\Intel(R) Management Engine Components\DAL;C:\Program Files (x86)\Intel\Intel(R) Management Engine Components\IPT;C:\Program Files (x86)\Windows Kits\8.1\Windows Performance Toolkit\;C:\Program Files (x86)\Microsoft SDKs\TypeScript\1.0\;D:\Development Tools\Android Files\sdk\platform-tools;D:\Development Tools\Android Files\openssl-0.9.8e_X64\bin;C:\Program Files\Java\jdk1.8.0_11\bin;C:\Program Files (x86)\Git\cmd;C:\Program Files\Microsoft SQL Server\110\Tools\Binn\;C:\Program Files\MATLAB\R2014b\bin;C:\HashiCorp\Vagrant\bin;C:\Program Files (x86)\Windows Live\Shared;C:\Program Files (x86)\ATI Technologies\ATI.ACE\Core-Static;D:\Anaconda;D:\Anaconda\Scripts;C:\Program Files\nodejs\;C:\Program Files (x86)\Nmap;C:\nes\bin;C:\Program Files (x86)\Git\bin;C:\Users\Maclyn\AppData\Roaming\npm
USERNAME=Maclyn
OS=Windows_NT
PROCESSOR_IDENTIFIER=Intel64 Family 6 Model 69 Stepping 1, GenuineIntel



---------------  S Y S T E M  ---------------

OS: Windows 8.1 , 64 bit Build 9600 

CPU:total 4 (2 cores per cpu, 2 threads per core) family 6 model 69 stepping 1, cmov, cx8, fxsr, mmx, sse, sse2, sse3, ssse3, sse4.1, sse4.2, popcnt, avx, avx2, aes, clmul, erms, ht, tsc, tscinvbit

Memory: 4k page, physical 8307052k(1908216k free), swap 16695660k(9707920k free)

vm_info: Java HotSpot(TM) 64-Bit Server VM (25.11-b03) for windows-amd64 JRE (1.8.0_11-b12), built on Jun 16 2014 20:57:32 by "java_re" with MS VC++ 10.0 (VS2010)

time: Sun Feb 22 00:03:34 2015
elapsed time: 34476 seconds

